[20Feb2025 00:26:03.765] [Server thread/INFO] [net.minecraft.server.MinecraftServer/]: Gave 1 [Oil Deposit] to Andrexo_16
[20Feb2025 00:26:10.963] [Server thread/INFO] [net.minecraft.server.MinecraftServer/]: Gave 1 [Oil Deposit] to Andrexo_16
[20Feb2025 00:26:11.567] [Server thread/INFO] [net.minecraft.server.MinecraftServer/]: Gave 1 [Oil Deposit] to Andrexo_16
[20Feb2025 00:26:12.118] [Server thread/INFO] [net.minecraft.server.MinecraftServer/]: Gave 1 [Oil Deposit] to Andrexo_16
[20Feb2025 01:42:56.919] [Server thread/INFO] [net.minecraft.server.players.PlayerList/]: YizuzD[/127.11.117.120:52861] logged in with entity id 240349 at (-422.1971354819936, 64.0, -0.8656220324020683)
[20Feb2025 01:42:56.931] [Server thread/INFO] [net.minecraft.server.MinecraftServer/]: YizuzD joined the game
[20Feb2025 01:42:57.004] [Server thread/INFO] [ToolLeveling+/]: Sending config 'tool_leveling_table.json' to player 'YizuzD'
[20Feb2025 01:42:57.004] [Server thread/INFO] [ToolLeveling+/]: Sending config 'command_config.json' to player 'YizuzD'
[20Feb2025 01:42:57.005] [Server thread/INFO] [Jade/]: Syncing config to YizuzD (05d100c9-0794-3ad2-b156-ae15f9da9d7a)
[20Feb2025 02:02:00.182] [Server thread/INFO] [net.minecraft.server.network.ServerGamePacketListenerImpl/]: Andrexo_16 lost connection: Disconnected
[20Feb2025 02:02:00.183] [Server thread/INFO] [net.minecraft.server.MinecraftServer/]: Andrexo_16 left the game
[20Feb2025 02:02:19.812] [Server thread/INFO] [net.minecraft.server.players.PlayerList/]: Andrexo_16[/127.226.76.9:51537] logged in with entity id 277420 at (-467.99832105501264, 76.0, 259.2263209071457)
[20Feb2025 02:02:19.820] [Server thread/INFO] [net.minecraft.server.MinecraftServer/]: Andrexo_16 joined the game
[20Feb2025 02:02:19.877] [Server thread/INFO] [ToolLeveling+/]: Sending config 'tool_leveling_table.json' to player 'Andrexo_16'
[20Feb2025 02:02:19.877] [Server thread/INFO] [ToolLeveling+/]: Sending config 'command_config.json' to player 'Andrexo_16'
[20Feb2025 02:02:19.877] [Server thread/INFO] [Jade/]: Syncing config to Andrexo_16 (3bef83f2-f8e1-3838-a154-8c90f8cf9c10)
[20Feb2025 02:09:11.969] [Server thread/WARN] [net.minecraft.server.network.ServerGamePacketListenerImpl/]: Andrexo_16 moved too quickly! 10.417114148734811,1.6758724957893492,-2.12378288306968
[20Feb2025 02:10:45.701] [Server thread/WARN] [net.minecraft.server.network.ServerGamePacketListenerImpl/]: Andrexo_16 moved too quickly! 8.651444086195227,5.5663920741230015,-0.0063091567833453155
[20Feb2025 02:22:05.980] [Worker-Main-93/WARN] [net.minecraft.server.level.WorldGenRegion/]: Tried to access a block entity before it was created. BlockPos{x=-2120, y=74, z=521}
[20Feb2025 02:30:35.087] [Server thread/INFO] [net.minecraft.server.MinecraftServer/]: YizuzD has reached the goal [Dethroned]
[20Feb2025 02:30:56.897] [Server thread/INFO] [net.minecraft.server.MinecraftServer/]: YizuzD has reached the goal [Earning your Wings]
[20Feb2025 02:37:53.138] [Server thread/INFO] [net.minecraft.server.MinecraftServer/]: Andrexo_16 has made the advancement [Exotic Hardware]
[20Feb2025 02:38:58.534] [Server thread/INFO] [net.minecraft.server.MinecraftServer/]: Andrexo_16 has reached the goal [Earning your Wings]
[20Feb2025 02:40:08.589] [Server thread/INFO] [net.minecraft.server.MinecraftServer/]: YizuzD has reached the goal [Like a Bossaru!]
[20Feb2025 02:40:08.591] [Server thread/INFO] [net.minecraft.server.MinecraftServer/]: Andrexo_16 has reached the goal [Like a Bossaru!]
[20Feb2025 02:43:18.197] [Server thread/INFO] [net.minecraft.server.MinecraftServer/]: YizuzD has made the advancement [Do You Believe in Magic?]
[20Feb2025 02:45:22.117] [Server thread/WARN] [net.minecraft.server.network.ServerGamePacketListenerImpl/]: Andrexo_16 moved too quickly! -6.356491926716899,8.08454642260007,-0.18590446605304578
[20Feb2025 02:46:48.973] [Server thread/INFO] [net.minecraft.server.MinecraftServer/]: YizuzD has made the advancement [Cool Jewelery!]
[20Feb2025 02:52:46.081] [Server thread/WARN] [net.minecraft.server.MinecraftServer/]: Can't keep up! Is the server overloaded? Running 5905ms or 118 ticks behind
[20Feb2025 02:52:46.763] [Server thread/ERROR] [net.minecraft.Util/]: POI data mismatch: already registered at BlockPos{x=-2684, y=-41, z=-136}
[20Feb2025 02:52:46.766] [Server thread/ERROR] [net.minecraft.Util/]: POI data mismatch: already registered at BlockPos{x=-2684, y=-41, z=-134}
[20Feb2025 02:53:12.978] [Server thread/INFO] [net.minecraft.server.MinecraftServer/]: Teleported Andrexo_16 to YizuzD
